<?xml version="1.0" encoding="UTF-8"?>
<!-- Generated by org.testng.reporters.JUnitXMLReporter -->
<testsuite hostname="INHYDKRLSOWMYA" ignored="0" name="smoke_tablets_Validation_productDetailsPage(failed)" tests="2" failures="0" timestamp="16 Aug 2018 10:12:29 GMT" time="27.888" errors="0">
  <testcase name="DetailsPageValidation" time="1.246" classname="com.automation.mobielshop.kpn.tablets.TC004_Tablets_products_Validation_productDetailsPage">
    <skipped/>
  </testcase> <!-- DetailsPageValidation -->
  <testcase name="DetailsPageValidation" time="18.027" classname="com.automation.mobielshop.kpn.tablets.TC004_Tablets_products_Validation_productDetailsPage"/>
</testsuite> <!-- smoke_tablets_Validation_productDetailsPage(failed) -->
