<?xml version="1.0" encoding="UTF-8"?>
<!-- Generated by org.testng.reporters.JUnitXMLReporter -->
<testsuite hostname="INHYDKRLSOWMYA" ignored="0" name="smoke_SmartWatches_products_validation(failed)" tests="1" failures="0" timestamp="16 Aug 2018 10:12:59 GMT" time="29.66" errors="0">
  <testcase name="Product_Validation" time="16.537" classname="com.automation.mobielshop.kpn.smartwatches.TC004_SmartWatches_products_validation"/>
</testsuite> <!-- smoke_SmartWatches_products_validation(failed) -->
