<?xml version="1.0" encoding="UTF-8"?>
<!-- Generated by org.testng.reporters.JUnitXMLReporter -->
<testsuite hostname="INHYDKRLSOWMYA" ignored="0" name="smoke_Tablets_shoppingBasketPageValidationr Browser Chrome " tests="1" failures="0" timestamp="11 Dec 2018 04:36:46 GMT" time="36.648" errors="0">
  <testcase name="shoppingBasketPageValidation" time="26.757" classname="com.automation.mobielshop.kpn.tablets.TC005_Tablets_products_Validation_shoppingBasketPage"/>
</testsuite> <!-- smoke_Tablets_shoppingBasketPageValidationr Browser Chrome  -->
