<?xml version="1.0" encoding="UTF-8"?>
<!-- Generated by org.testng.reporters.JUnitXMLReporter -->
<testsuite hostname="INHYDKRLSOWMYA" ignored="0" name="smoke_MobielInternet_Products_validation_priceDetails" tests="1" failures="0" timestamp="28 Aug 2018 05:05:37 GMT" time="54.265" errors="0">
  <testcase name="priceValidation_MobielInternet_EndToEnd" time="46.053" classname="com.automation.mobielshop.kpn.mobielInternet.TC002_MobielInternet_Products_validation_priceDetails"/>
</testsuite> <!-- smoke_MobielInternet_Products_validation_priceDetails -->
