<?xml version="1.0" encoding="UTF-8"?>
<!-- Generated by org.testng.reporters.JUnitXMLReporter -->
<testsuite hostname="INHYDKRLSOWMYA" ignored="0" name="smoke_tablets_WithSubscription" tests="1" failures="0" timestamp="22 Aug 2018 03:42:21 GMT" time="62.124" errors="0">
  <testcase name="Tablets_VerifyProductBuying_WithSubscription" time="54.273" classname="com.automation.mobielshop.kpn.tablets.TC001_Tablets_VerifyProductBuying_WithSubscription"/>
</testsuite> <!-- smoke_tablets_WithSubscription -->
