<?xml version="1.0" encoding="UTF-8"?>
<!-- Generated by org.testng.reporters.JUnitXMLReporter -->
<testsuite hostname="INHYDKRLSOWMYA" ignored="0" name="smoke_Tablets_NewUser Browser Chrome" tests="1" failures="0" timestamp="11 Dec 2018 04:32:56 GMT" time="80.612" errors="0">
  <testcase name="priceValidation_Tablets_withSubscription_EndToEnd" time="68.627" classname="com.automation.mobielshop.kpn.tablets.TC001_Tablets_VerifyProductBuying_PriceValidation_WithSubscription"/>
</testsuite> <!-- smoke_Tablets_NewUser Browser Chrome -->
