<?xml version="1.0" encoding="UTF-8"?>
<!-- Generated by org.testng.reporters.JUnitXMLReporter -->
<testsuite hostname="INHYDKRLSOWMYA" ignored="0" name="smoke_phones_ExistingUser Browser Chrome " tests="1" failures="0" timestamp="28 Jan 2019 10:34:16 GMT" time="68.729" errors="0">
  <testcase name="ExistingUserRenew" time="57.305" classname="com.automation.mobielshop.kpn.telefoons.TC002_phones_VerifyProductBuying_PriceValidation_ExistingUser"/>
</testsuite> <!-- smoke_phones_ExistingUser Browser Chrome  -->
