<?xml version="1.0" encoding="UTF-8"?>
<!-- Generated by org.testng.reporters.JUnitXMLReporter -->
<testsuite hostname="INHYDKRLSOWMYA" ignored="0" name="smoke_tablets_Validation_priceDetails" tests="1" failures="0" timestamp="28 Aug 2018 05:00:14 GMT" time="138.507" errors="0">
  <testcase name="priceValidation_Tablets_withSubscription_EndToEnd" time="130.363" classname="com.automation.mobielshop.kpn.tablets.TC006_Tablets_products_validation_priceDetails"/>
</testsuite> <!-- smoke_tablets_Validation_priceDetails -->
