<?xml version="1.0" encoding="UTF-8"?>
<!-- Generated by org.testng.reporters.JUnitXMLReporter -->
<testsuite hostname="INHYDKRLSOWMYA" ignored="0" name="smoke_phones_NewUser Browser Chrome" tests="1" failures="0" timestamp="28 Jan 2019 11:17:51 GMT" time="69.461" errors="0">
  <testcase name="ExistingUserRenew" time="57.816" classname="com.automation.mobielshop.kpn.telefoons.TC002_phones_VerifyProductBuying_PriceValidation_ExistingUser"/>
</testsuite> <!-- smoke_phones_NewUser Browser Chrome -->
