<?xml version="1.0" encoding="UTF-8"?>
<!-- Generated by org.testng.reporters.JUnitXMLReporter -->
<testsuite hostname="INHYDKRLSOWMYA" ignored="0" name="smoke_phones_Validation_productDetailsPage Browser Chrome " tests="1" failures="0" timestamp="28 Jan 2019 10:35:21 GMT" time="39.412" errors="0">
  <testcase name="DetailsPageValidation" time="26.864" classname="com.automation.mobielshop.kpn.telefoons.TC004_phones_Products_Validation_productDetailsPage"/>
</testsuite> <!-- smoke_phones_Validation_productDetailsPage Browser Chrome  -->
