<?xml version="1.0" encoding="UTF-8"?>
<!-- Generated by org.testng.reporters.JUnitXMLReporter -->
<testsuite hostname="INHYDKRLSOWMYA" ignored="0" name="smoke_phones_NewUser Browser IE" tests="2" failures="0" timestamp="11 Dec 2018 04:02:42 GMT" time="71.863" errors="0">
  <testcase name="Telefoons_VerifyProductBuying" time="3.324" classname="com.automation.mobielshop.kpn.telefoons.TC001_phones_VerifyiProductBuying_PriceValidation_NewUser">
    <skipped/>
  </testcase> <!-- Telefoons_VerifyProductBuying -->
  <testcase name="Telefoons_VerifyProductBuying" time="61.374" classname="com.automation.mobielshop.kpn.telefoons.TC001_phones_VerifyiProductBuying_PriceValidation_NewUser"/>
</testsuite> <!-- smoke_phones_NewUser Browser IE -->
