<?xml version="1.0" encoding="UTF-8"?>
<!-- Generated by org.testng.reporters.JUnitXMLReporter -->
<testsuite hostname="INHYDKRLSOWMYA" ignored="0" name="smoke_phones_FilterValidations Browser Chrome " tests="1" failures="0" timestamp="28 Jan 2019 10:34:42 GMT" time="25.948" errors="0">
  <testcase name="Product_Validation" time="14.867" classname="com.automation.mobielshop.kpn.telefoons.TC003_phones_Products_FilterValidations"/>
</testsuite> <!-- smoke_phones_FilterValidations Browser Chrome  -->
