<?xml version="1.0" encoding="UTF-8"?>
<!-- Generated by org.testng.reporters.JUnitXMLReporter -->
<testsuite hostname="INHYDKRLSOWMYA" ignored="0" name="smoke_tablets_WithoutSubscription" tests="1" failures="0" timestamp="22 Aug 2018 03:43:57 GMT" time="96.004" errors="0">
  <testcase name="Tablets_VerifyProductBuying_WithoutSubscription" time="87.565" classname="com.automation.mobielshop.kpn.tablets.TC002_Tablets_VerifyProductBuying_WithoutSubscription"/>
</testsuite> <!-- smoke_tablets_WithoutSubscription -->
