<?xml version="1.0" encoding="UTF-8"?>
<!-- Generated by org.testng.reporters.JUnitXMLReporter -->
<testsuite hostname="INHYDKRLSOWMYA" ignored="0" name="smoke_phones" tests="1" failures="0" timestamp="28 Nov 2018 06:31:35 GMT" time="0.035" errors="0">
  <testcase name="@BeforeClass setUp" time="0.008" classname="com.automation.mobielshop.kpn.telefoons.TC004_phones_Products_Validation_productDetailsPage">
    <failure type="java.lang.NullPointerException">
      <![CDATA[java.lang.NullPointerException
at com.automation.mobielshop.kpn.testBase.TestBase.Browsersetup(TestBase.java:70)
at com.automation.mobielshop.kpn.testBase.TestBase.init(TestBase.java:42)
at com.automation.mobielshop.kpn.telefoons.TC004_phones_Products_Validation_productDetailsPage.setUp(TC004_phones_Products_Validation_productDetailsPage.java:14)
... Removed 26 stack frames]]>
    </failure>
  </testcase> <!-- @BeforeClass setUp -->
  <testcase name="@BeforeMethod beforeMethod" time="0.0" classname="com.automation.mobielshop.kpn.testBase.TestBase">
    <skipped/>
  </testcase> <!-- @BeforeMethod beforeMethod -->
  <testcase name="DetailsPageValidation" time="0.0" classname="com.automation.mobielshop.kpn.telefoons.TC004_phones_Products_Validation_productDetailsPage">
    <skipped/>
  </testcase> <!-- DetailsPageValidation -->
</testsuite> <!-- smoke_phones -->
