<?xml version="1.0" encoding="UTF-8"?>
<!-- Generated by org.testng.reporters.JUnitXMLReporter -->
<testsuite hostname="INHYDKRLSOWMYA" ignored="0" name="smoke_tablets_Validation_shoppingBasketPage" tests="1" failures="0" timestamp="28 Aug 2018 04:57:56 GMT" time="42.236" errors="0">
  <testcase name="shoppingBasketPageValidation" time="29.957" classname="com.automation.mobielshop.kpn.tablets.TC005_Tablets_products_Validation_shoppingBasketPage"/>
</testsuite> <!-- smoke_tablets_Validation_shoppingBasketPage -->
