<?xml version="1.0" encoding="UTF-8"?>
<!-- Generated by org.testng.reporters.JUnitXMLReporter -->
<testsuite hostname="INHYDKRLSOWMYA" ignored="0" name="smoke_SmartWatches_products_validation_priceDetails" tests="1" failures="0" timestamp="28 Aug 2018 05:02:14 GMT" time="120.058" errors="0">
  <testcase name="priceValidation_SmartWatches_NotACustomer_EndToEnd" time="111.621" classname="com.automation.mobielshop.kpn.smartwatches.TC003_SmartWatches_products_validation_priceDetails"/>
</testsuite> <!-- smoke_SmartWatches_products_validation_priceDetails -->
