<?xml version="1.0" encoding="UTF-8"?>
<!-- Generated by org.testng.reporters.JUnitXMLReporter -->
<testsuite hostname="INHYDKRLSOWMYA" ignored="0" name="smoke_tablets_Validation_productDetailsPage" tests="1" failures="0" timestamp="28 Aug 2018 04:57:14 GMT" time="38.235" errors="0">
  <testcase name="DetailsPageValidation" time="29.95" classname="com.automation.mobielshop.kpn.tablets.TC004_Tablets_products_Validation_productDetailsPage"/>
</testsuite> <!-- smoke_tablets_Validation_productDetailsPage -->
