<?xml version="1.0" encoding="UTF-8"?>
<!-- Generated by org.testng.reporters.JUnitXMLReporter -->
<testsuite hostname="INHYDKRLSOWMYA" ignored="0" name="smoke_phones_validation_priceDetails" tests="1" failures="0" timestamp="28 Nov 2018 06:31:36 GMT" time="0.005" errors="0">
  <testcase name="@BeforeClass setUp" time="0.0" classname="com.automation.mobielshop.kpn.telefoons.TC006_phones_Products_validation_priceDetails">
    <failure type="java.lang.NullPointerException">
      <![CDATA[java.lang.NullPointerException
at com.automation.mobielshop.kpn.testBase.TestBase.Browsersetup(TestBase.java:70)
at com.automation.mobielshop.kpn.testBase.TestBase.init(TestBase.java:42)
at com.automation.mobielshop.kpn.telefoons.TC006_phones_Products_validation_priceDetails.setUp(TC006_phones_Products_validation_priceDetails.java:20)
... Removed 26 stack frames]]>
    </failure>
  </testcase> <!-- @BeforeClass setUp -->
  <testcase name="@BeforeMethod beforeMethod" time="0.0" classname="com.automation.mobielshop.kpn.testBase.TestBase">
    <skipped/>
  </testcase> <!-- @BeforeMethod beforeMethod -->
  <testcase name="priceValidation_Phones_EndToEnd" time="0.0" classname="com.automation.mobielshop.kpn.telefoons.TC006_phones_Products_validation_priceDetails">
    <skipped/>
  </testcase> <!-- priceValidation_Phones_EndToEnd -->
</testsuite> <!-- smoke_phones_validation_priceDetails -->
